2025-10-06 14:07:37,161 - INFO - Execution monitor initialized
2025-10-06 14:07:37,161 - INFO - Starting catalog build process...
2025-10-06 14:07:37,162 - INFO - Loaded 0 manifests
2025-10-06 14:07:37,162 - WARNING - No manifests found to build catalog
2025-10-06 14:07:37,162 - INFO - Catalog build completed successfully
2025-10-06 14:09:53,367 - INFO - Execution monitor initialized
2025-10-06 14:09:53,367 - INFO - Starting catalog build process...
2025-10-06 14:09:53,367 - INFO - Loaded 0 manifests
2025-10-06 14:09:53,367 - WARNING - No manifests found to build catalog
2025-10-09 22:07:22,669 - INFO - Execution monitor initialized
2025-10-09 22:07:22,669 - INFO - Starting optimized catalog build process...
2025-10-09 22:07:22,669 - INFO - Loading manifests...
2025-10-09 22:07:22,670 - INFO - Found 24 manifest files
2025-10-09 22:07:22,745 - ERROR - Failed to load manifest from manifests/collected/orchestrator-service.yaml: Schema validation failed for orchestrator-service.yaml: '*' does not match '^[a-z0-9-]+\\.[a-z0-9-]+\\.[a-z0-9-]+\\.v[0-9]+$'
2025-10-09 22:07:22,751 - ERROR - Error processing manifests/collected/orchestrator-service.yaml: Schema validation failed for orchestrator-service.yaml: '*' does not match '^[a-z0-9-]+\\.[a-z0-9-]+\\.[a-z0-9-]+\\.v[0-9]+$'
2025-10-09 22:07:22,757 - ERROR - Failed to load manifest from manifests/collected/indexer-worker.yaml: Schema validation failed for indexer-worker.yaml: 'ml.embedding.reindex.request.v1' does not match '^[a-z0-9-]+\\.[a-z0-9-]+\\.[a-z0-9-]+\\.v[0-9]+$'
2025-10-09 22:07:22,821 - ERROR - Failed to load manifest from manifests/collected/embedding-service.yaml: Schema validation failed for embedding-service.yaml: 'ml.embedding.reindex.request.v1' does not match '^[a-z0-9-]+\\.[a-z0-9-]+\\.[a-z0-9-]+\\.v[0-9]+$'
2025-10-09 22:07:22,957 - ERROR - Failed to load manifest from manifests/collected/streaming.yaml: Schema validation failed for streaming.yaml: 'served.market.latest_prices.v1' does not match '^[a-z0-9-]+\\.[a-z0-9-]+\\.[a-z0-9-]+\\.v[0-9]+$'
2025-10-09 22:07:23,077 - ERROR - Catalog build failed: Schema validation failed for orchestrator-service.yaml: '*' does not match '^[a-z0-9-]+\\.[a-z0-9-]+\\.[a-z0-9-]+\\.v[0-9]+$'
2025-10-09 22:08:05,120 - INFO - Execution monitor initialized
2025-10-09 22:08:05,120 - INFO - Starting optimized catalog build process...
2025-10-09 22:08:05,120 - INFO - Loading manifests...
2025-10-09 22:08:05,121 - INFO - Found 24 manifest files
2025-10-09 22:08:05,200 - INFO - Loaded 24 manifests (20 cached, 4 processed)
2025-10-09 22:08:05,201 - INFO - Validating manifests...
2025-10-09 22:08:05,430 - INFO - Building service index...
2025-10-09 22:08:05,446 - INFO - Incremental build: 26 services (including unchanged)
2025-10-09 22:08:05,446 - INFO - Running additional validations...
2025-10-09 22:08:05,447 - INFO - Validating complete catalog...
2025-10-09 22:08:05,467 - INFO - Catalog schema validation passed
2025-10-09 22:08:05,499 - INFO - Saved catalog to catalog/service-index.yaml
2025-10-09 22:08:05,500 - INFO - Saved JSON catalog to catalog/service-index.json
2025-10-09 22:08:05,501 - ERROR - Catalog build failed: 'AuditLogger' object has no attribute 'AuditCategory'
2025-10-09 22:08:44,726 - INFO - Execution monitor initialized
2025-10-09 22:08:44,727 - INFO - Starting optimized catalog build process...
2025-10-09 22:08:44,727 - INFO - Loading manifests...
2025-10-09 22:08:44,727 - INFO - Found 24 manifest files
2025-10-09 22:08:44,740 - INFO - Loaded 24 manifests (24 cached, 0 processed)
2025-10-09 22:08:44,740 - INFO - Validating manifests...
2025-10-09 22:08:44,942 - INFO - Building service index...
2025-10-09 22:08:45,011 - INFO - Incremental build: 26 services (including unchanged)
2025-10-09 22:08:45,012 - INFO - Running additional validations...
2025-10-09 22:08:45,012 - INFO - Validating complete catalog...
2025-10-09 22:08:45,020 - INFO - Catalog schema validation passed
2025-10-09 22:08:45,051 - INFO - Saved catalog to catalog/service-index.yaml
2025-10-09 22:08:45,052 - INFO - Saved JSON catalog to catalog/service-index.json
2025-10-09 22:08:45,052 - INFO - Saved summary to catalog/catalog-summary.json
2025-10-09 22:08:45,053 - INFO - Catalog build completed successfully with 26 services
2025-10-09 22:08:45,053 - INFO - Performance stats: 24 cached, 0 processed, 0.33s total, 0.20s validation, 0.07s build
2025-10-09 22:08:45,053 - INFO - Catalog build completed successfully
2025-10-09 22:09:02,842 - INFO - Execution monitor initialized
2025-10-09 22:09:02,842 - INFO - Starting optimized catalog build process...
2025-10-09 22:09:02,842 - INFO - Loading manifests...
2025-10-09 22:09:02,843 - INFO - Found 24 manifest files
2025-10-09 22:09:02,857 - INFO - Loaded 24 manifests (24 cached, 0 processed)
2025-10-09 22:09:02,857 - INFO - Validating manifests...
2025-10-09 22:09:03,094 - INFO - Building service index...
2025-10-09 22:09:03,164 - INFO - Incremental build: 26 services (including unchanged)
2025-10-09 22:09:03,164 - INFO - Running additional validations...
2025-10-09 22:09:03,164 - INFO - Validating complete catalog...
2025-10-09 22:09:03,172 - INFO - Catalog schema validation passed
2025-10-09 22:09:03,202 - INFO - Saved catalog to catalog/service-index.yaml
2025-10-09 22:09:03,204 - INFO - Saved JSON catalog to catalog/service-index.json
2025-10-09 22:09:03,204 - INFO - Saved summary to catalog/catalog-summary.json
2025-10-09 22:09:03,204 - INFO - Catalog build completed successfully with 26 services
2025-10-09 22:09:03,204 - INFO - Performance stats: 24 cached, 0 processed, 0.36s total, 0.24s validation, 0.07s build
2025-10-09 22:09:03,205 - INFO - Catalog build completed successfully
2025-10-09 22:09:31,952 - INFO - Execution monitor initialized
2025-10-09 22:09:31,952 - INFO - Starting optimized catalog build process...
2025-10-09 22:09:31,952 - INFO - Using cached catalog
2025-10-09 22:09:31,953 - INFO - Catalog build completed successfully
2025-10-09 22:09:48,853 - INFO - Execution monitor initialized
2025-10-09 22:09:48,854 - INFO - Starting optimized catalog build process...
2025-10-09 22:09:48,854 - INFO - Loading manifests...
2025-10-09 22:09:48,854 - INFO - Found 24 manifest files
2025-10-09 22:09:48,868 - INFO - Loaded 24 manifests (24 cached, 0 processed)
2025-10-09 22:09:48,868 - INFO - Validating manifests...
2025-10-09 22:09:49,103 - INFO - Building service index...
2025-10-09 22:09:49,103 - INFO - Running additional validations...
2025-10-09 22:09:49,104 - INFO - Validating complete catalog...
2025-10-09 22:09:49,124 - INFO - Catalog schema validation passed
2025-10-09 22:09:49,156 - INFO - Saved catalog to catalog/service-index.yaml
2025-10-09 22:09:49,157 - INFO - Saved JSON catalog to catalog/service-index.json
2025-10-09 22:09:49,158 - INFO - Saved summary to catalog/catalog-summary.json
2025-10-09 22:09:49,158 - INFO - Catalog build completed successfully with 24 services
2025-10-09 22:09:49,158 - INFO - Performance stats: 24 cached, 0 processed, 0.30s total, 0.23s validation, 0.00s build
2025-10-09 22:09:49,158 - INFO - Catalog build completed successfully
2025-10-09 22:30:37,805 - INFO - Execution monitor initialized
2025-10-09 22:30:37,805 - INFO - Starting optimized catalog build process...
2025-10-09 22:30:37,806 - INFO - Loading manifests...
2025-10-09 22:30:37,806 - INFO - Found 24 manifest files
2025-10-09 22:30:38,215 - INFO - Loaded 24 manifests (0 cached, 24 processed)
2025-10-09 22:30:38,216 - INFO - Validating manifests...
2025-10-09 22:30:38,441 - INFO - Building service index...
2025-10-09 22:30:38,509 - INFO - Incremental build: 24 services (including unchanged)
2025-10-09 22:30:38,509 - INFO - Running additional validations...
2025-10-09 22:30:38,509 - INFO - Validating complete catalog...
2025-10-09 22:30:38,517 - INFO - Catalog schema validation passed
2025-10-09 22:30:38,547 - INFO - Saved catalog to catalog/service-index.yaml
2025-10-09 22:30:38,548 - INFO - Saved JSON catalog to catalog/service-index.json
2025-10-09 22:30:38,548 - INFO - Saved summary to catalog/catalog-summary.json
2025-10-09 22:30:38,549 - INFO - Catalog build completed successfully with 24 services
2025-10-09 22:30:38,549 - INFO - Performance stats: 0 cached, 24 processed, 0.74s total, 0.22s validation, 0.07s build
2025-10-09 22:30:38,549 - INFO - Catalog build completed successfully
