2025-10-06 14:09:41,429 - INFO - Loading catalog from catalog/large-service-index.json
2025-10-06 14:09:46,363 - INFO - Loading catalog from catalog/large-service-index.json
2025-10-06 14:09:46,366 - INFO - Execution monitor initialized
2025-10-06 14:09:46,366 - INFO - Computing quality scores for all services using parallel processing...
2025-10-06 14:09:46,366 - WARNING - Drift report not found: catalog/latest_drift_report.json
2025-10-06 14:09:46,366 - INFO - Processing 150 services in parallel...
2025-10-06 14:09:46,472 - ERROR - Failed to compute quality for service-000: QualityMetrics.__init__() missing 1 required positional argument: 'deployment_days'
2025-10-06 14:09:46,473 - ERROR - Failed to compute quality for service-005: QualityMetrics.__init__() missing 1 required positional argument: 'deployment_days'
2025-10-06 14:09:46,473 - ERROR - Failed to compute quality for service-006: QualityMetrics.__init__() missing 1 required positional argument: 'deployment_days'
2025-10-06 14:09:46,475 - ERROR - Failed to compute quality for service-007: QualityMetrics.__init__() missing 1 required positional argument: 'deployment_days'
2025-10-06 14:09:46,475 - ERROR - Failed to compute quality for service-002: QualityMetrics.__init__() missing 1 required positional argument: 'deployment_days'
2025-10-06 14:09:46,475 - ERROR - Failed to compute quality for service-008: QualityMetrics.__init__() missing 1 required positional argument: 'deployment_days'
2025-10-06 14:09:46,476 - ERROR - Failed to compute quality for service-009: QualityMetrics.__init__() missing 1 required positional argument: 'deployment_days'
2025-10-06 14:09:46,478 - ERROR - Failed to compute quality for service-001: QualityMetrics.__init__() missing 1 required positional argument: 'deployment_days'
2025-10-06 14:09:46,479 - ERROR - Failed to compute quality for service-004: QualityMetrics.__init__() missing 1 required positional argument: 'deployment_days'
2025-10-06 14:09:46,479 - ERROR - Failed to compute quality for service-010: QualityMetrics.__init__() missing 1 required positional argument: 'deployment_days'
2025-10-06 14:09:46,479 - ERROR - Failed to compute quality for service-011: QualityMetrics.__init__() missing 1 required positional argument: 'deployment_days'
2025-10-06 14:09:46,481 - ERROR - Failed to compute quality for service-012: QualityMetrics.__init__() missing 1 required positional argument: 'deployment_days'
2025-10-06 14:09:46,481 - ERROR - Failed to compute quality for service-003: QualityMetrics.__init__() missing 1 required positional argument: 'deployment_days'
2025-10-06 14:09:46,482 - ERROR - Failed to compute quality for service-013: QualityMetrics.__init__() missing 1 required positional argument: 'deployment_days'
2025-10-06 14:09:46,483 - ERROR - Failed to compute quality for service-014: QualityMetrics.__init__() missing 1 required positional argument: 'deployment_days'
2025-10-06 14:09:46,486 - ERROR - Failed to compute quality for service-015: QualityMetrics.__init__() missing 1 required positional argument: 'deployment_days'
2025-10-06 14:09:46,487 - ERROR - Failed to compute quality for service-016: QualityMetrics.__init__() missing 1 required positional argument: 'deployment_days'
2025-10-06 14:09:46,488 - ERROR - Failed to compute quality for service-017: QualityMetrics.__init__() missing 1 required positional argument: 'deployment_days'
2025-10-06 14:09:46,488 - ERROR - Failed to compute quality for service-018: QualityMetrics.__init__() missing 1 required positional argument: 'deployment_days'
2025-10-06 14:09:46,488 - ERROR - Failed to compute quality for service-019: QualityMetrics.__init__() missing 1 required positional argument: 'deployment_days'
2025-10-06 14:09:46,488 - ERROR - Failed to compute quality for service-020: QualityMetrics.__init__() missing 1 required positional argument: 'deployment_days'
2025-10-06 14:09:46,489 - ERROR - Failed to compute quality for service-021: QualityMetrics.__init__() missing 1 required positional argument: 'deployment_days'
2025-10-06 14:09:46,489 - ERROR - Failed to compute quality for service-022: QualityMetrics.__init__() missing 1 required positional argument: 'deployment_days'
2025-10-06 14:09:46,489 - ERROR - Failed to compute quality for service-023: QualityMetrics.__init__() missing 1 required positional argument: 'deployment_days'
2025-10-06 14:09:46,489 - ERROR - Failed to compute quality for service-024: QualityMetrics.__init__() missing 1 required positional argument: 'deployment_days'
2025-10-06 14:09:46,490 - ERROR - Failed to compute quality for service-025: QualityMetrics.__init__() missing 1 required positional argument: 'deployment_days'
2025-10-06 14:09:46,490 - ERROR - Failed to compute quality for service-027: QualityMetrics.__init__() missing 1 required positional argument: 'deployment_days'
2025-10-06 14:09:46,490 - ERROR - Failed to compute quality for service-028: QualityMetrics.__init__() missing 1 required positional argument: 'deployment_days'
2025-10-06 14:09:46,490 - ERROR - Failed to compute quality for service-026: QualityMetrics.__init__() missing 1 required positional argument: 'deployment_days'
2025-10-06 14:09:46,490 - ERROR - Failed to compute quality for service-029: QualityMetrics.__init__() missing 1 required positional argument: 'deployment_days'
2025-10-06 14:09:46,490 - ERROR - Failed to compute quality for service-030: QualityMetrics.__init__() missing 1 required positional argument: 'deployment_days'
2025-10-06 14:09:46,491 - ERROR - Failed to compute quality for service-031: QualityMetrics.__init__() missing 1 required positional argument: 'deployment_days'
2025-10-06 14:09:46,491 - ERROR - Failed to compute quality for service-032: QualityMetrics.__init__() missing 1 required positional argument: 'deployment_days'
2025-10-06 14:09:46,491 - ERROR - Failed to compute quality for service-033: QualityMetrics.__init__() missing 1 required positional argument: 'deployment_days'
2025-10-06 14:09:46,491 - ERROR - Failed to compute quality for service-034: QualityMetrics.__init__() missing 1 required positional argument: 'deployment_days'
2025-10-06 14:09:46,492 - ERROR - Failed to compute quality for service-035: QualityMetrics.__init__() missing 1 required positional argument: 'deployment_days'
2025-10-06 14:09:46,492 - ERROR - Failed to compute quality for service-036: QualityMetrics.__init__() missing 1 required positional argument: 'deployment_days'
2025-10-06 14:09:46,492 - ERROR - Failed to compute quality for service-037: QualityMetrics.__init__() missing 1 required positional argument: 'deployment_days'
2025-10-06 14:09:46,493 - ERROR - Failed to compute quality for service-038: QualityMetrics.__init__() missing 1 required positional argument: 'deployment_days'
2025-10-06 14:09:46,493 - ERROR - Failed to compute quality for service-039: QualityMetrics.__init__() missing 1 required positional argument: 'deployment_days'
2025-10-06 14:09:46,493 - ERROR - Failed to compute quality for service-040: QualityMetrics.__init__() missing 1 required positional argument: 'deployment_days'
2025-10-06 14:09:46,493 - ERROR - Failed to compute quality for service-041: QualityMetrics.__init__() missing 1 required positional argument: 'deployment_days'
2025-10-06 14:09:46,493 - ERROR - Failed to compute quality for service-042: QualityMetrics.__init__() missing 1 required positional argument: 'deployment_days'
2025-10-06 14:09:46,494 - ERROR - Failed to compute quality for service-043: QualityMetrics.__init__() missing 1 required positional argument: 'deployment_days'
2025-10-06 14:09:46,494 - ERROR - Failed to compute quality for service-044: QualityMetrics.__init__() missing 1 required positional argument: 'deployment_days'
2025-10-06 14:09:46,494 - ERROR - Failed to compute quality for service-045: QualityMetrics.__init__() missing 1 required positional argument: 'deployment_days'
2025-10-06 14:09:46,495 - ERROR - Failed to compute quality for service-046: QualityMetrics.__init__() missing 1 required positional argument: 'deployment_days'
2025-10-06 14:09:46,495 - ERROR - Failed to compute quality for service-047: QualityMetrics.__init__() missing 1 required positional argument: 'deployment_days'
2025-10-06 14:09:46,495 - ERROR - Failed to compute quality for service-048: QualityMetrics.__init__() missing 1 required positional argument: 'deployment_days'
2025-10-06 14:09:46,495 - ERROR - Failed to compute quality for service-049: QualityMetrics.__init__() missing 1 required positional argument: 'deployment_days'
2025-10-06 14:09:46,495 - ERROR - Failed to compute quality for service-050: QualityMetrics.__init__() missing 1 required positional argument: 'deployment_days'
2025-10-06 14:09:46,496 - ERROR - Failed to compute quality for service-051: QualityMetrics.__init__() missing 1 required positional argument: 'deployment_days'
2025-10-06 14:09:46,496 - ERROR - Failed to compute quality for service-052: QualityMetrics.__init__() missing 1 required positional argument: 'deployment_days'
2025-10-06 14:09:46,496 - ERROR - Failed to compute quality for service-053: QualityMetrics.__init__() missing 1 required positional argument: 'deployment_days'
2025-10-06 14:09:46,496 - ERROR - Failed to compute quality for service-054: QualityMetrics.__init__() missing 1 required positional argument: 'deployment_days'
2025-10-06 14:09:46,497 - ERROR - Failed to compute quality for service-055: QualityMetrics.__init__() missing 1 required positional argument: 'deployment_days'
2025-10-06 14:09:46,497 - ERROR - Failed to compute quality for service-056: QualityMetrics.__init__() missing 1 required positional argument: 'deployment_days'
2025-10-06 14:09:46,497 - ERROR - Failed to compute quality for service-057: QualityMetrics.__init__() missing 1 required positional argument: 'deployment_days'
2025-10-06 14:09:46,497 - ERROR - Failed to compute quality for service-058: QualityMetrics.__init__() missing 1 required positional argument: 'deployment_days'
2025-10-06 14:09:46,498 - ERROR - Failed to compute quality for service-059: QualityMetrics.__init__() missing 1 required positional argument: 'deployment_days'
2025-10-06 14:09:46,498 - ERROR - Failed to compute quality for service-060: QualityMetrics.__init__() missing 1 required positional argument: 'deployment_days'
2025-10-06 14:09:46,498 - ERROR - Failed to compute quality for service-061: QualityMetrics.__init__() missing 1 required positional argument: 'deployment_days'
2025-10-06 14:09:46,498 - ERROR - Failed to compute quality for service-062: QualityMetrics.__init__() missing 1 required positional argument: 'deployment_days'
2025-10-06 14:09:46,499 - ERROR - Failed to compute quality for service-063: QualityMetrics.__init__() missing 1 required positional argument: 'deployment_days'
2025-10-06 14:09:46,499 - ERROR - Failed to compute quality for service-064: QualityMetrics.__init__() missing 1 required positional argument: 'deployment_days'
2025-10-06 14:09:46,499 - ERROR - Failed to compute quality for service-065: QualityMetrics.__init__() missing 1 required positional argument: 'deployment_days'
2025-10-06 14:09:46,499 - ERROR - Failed to compute quality for service-066: QualityMetrics.__init__() missing 1 required positional argument: 'deployment_days'
2025-10-06 14:09:46,499 - ERROR - Failed to compute quality for service-067: QualityMetrics.__init__() missing 1 required positional argument: 'deployment_days'
2025-10-06 14:09:46,500 - ERROR - Failed to compute quality for service-068: QualityMetrics.__init__() missing 1 required positional argument: 'deployment_days'
2025-10-06 14:09:46,500 - ERROR - Failed to compute quality for service-069: QualityMetrics.__init__() missing 1 required positional argument: 'deployment_days'
2025-10-06 14:09:46,500 - ERROR - Failed to compute quality for service-070: QualityMetrics.__init__() missing 1 required positional argument: 'deployment_days'
2025-10-06 14:09:46,500 - ERROR - Failed to compute quality for service-071: QualityMetrics.__init__() missing 1 required positional argument: 'deployment_days'
2025-10-06 14:09:46,500 - ERROR - Failed to compute quality for service-072: QualityMetrics.__init__() missing 1 required positional argument: 'deployment_days'
2025-10-06 14:09:46,500 - ERROR - Failed to compute quality for service-074: QualityMetrics.__init__() missing 1 required positional argument: 'deployment_days'
2025-10-06 14:09:46,501 - ERROR - Failed to compute quality for service-073: QualityMetrics.__init__() missing 1 required positional argument: 'deployment_days'
2025-10-06 14:09:46,501 - ERROR - Failed to compute quality for service-075: QualityMetrics.__init__() missing 1 required positional argument: 'deployment_days'
2025-10-06 14:09:46,501 - ERROR - Failed to compute quality for service-076: QualityMetrics.__init__() missing 1 required positional argument: 'deployment_days'
2025-10-06 14:09:46,502 - ERROR - Failed to compute quality for service-077: QualityMetrics.__init__() missing 1 required positional argument: 'deployment_days'
2025-10-06 14:09:46,502 - ERROR - Failed to compute quality for service-079: QualityMetrics.__init__() missing 1 required positional argument: 'deployment_days'
2025-10-06 14:09:46,502 - ERROR - Failed to compute quality for service-078: QualityMetrics.__init__() missing 1 required positional argument: 'deployment_days'
2025-10-06 14:09:46,502 - ERROR - Failed to compute quality for service-080: QualityMetrics.__init__() missing 1 required positional argument: 'deployment_days'
2025-10-06 14:09:46,503 - ERROR - Failed to compute quality for service-081: QualityMetrics.__init__() missing 1 required positional argument: 'deployment_days'
2025-10-06 14:09:46,503 - ERROR - Failed to compute quality for service-083: QualityMetrics.__init__() missing 1 required positional argument: 'deployment_days'
2025-10-06 14:09:46,503 - ERROR - Failed to compute quality for service-082: QualityMetrics.__init__() missing 1 required positional argument: 'deployment_days'
2025-10-06 14:09:46,503 - ERROR - Failed to compute quality for service-084: QualityMetrics.__init__() missing 1 required positional argument: 'deployment_days'
2025-10-06 14:09:46,503 - ERROR - Failed to compute quality for service-085: QualityMetrics.__init__() missing 1 required positional argument: 'deployment_days'
2025-10-06 14:09:46,503 - ERROR - Failed to compute quality for service-086: QualityMetrics.__init__() missing 1 required positional argument: 'deployment_days'
2025-10-06 14:09:46,503 - ERROR - Failed to compute quality for service-088: QualityMetrics.__init__() missing 1 required positional argument: 'deployment_days'
2025-10-06 14:09:46,503 - ERROR - Failed to compute quality for service-087: QualityMetrics.__init__() missing 1 required positional argument: 'deployment_days'
2025-10-06 14:09:46,503 - ERROR - Failed to compute quality for service-089: QualityMetrics.__init__() missing 1 required positional argument: 'deployment_days'
2025-10-06 14:09:46,503 - ERROR - Failed to compute quality for service-090: QualityMetrics.__init__() missing 1 required positional argument: 'deployment_days'
2025-10-06 14:09:46,504 - ERROR - Failed to compute quality for service-091: QualityMetrics.__init__() missing 1 required positional argument: 'deployment_days'
2025-10-06 14:09:46,504 - ERROR - Failed to compute quality for service-092: QualityMetrics.__init__() missing 1 required positional argument: 'deployment_days'
2025-10-06 14:09:46,504 - ERROR - Failed to compute quality for service-093: QualityMetrics.__init__() missing 1 required positional argument: 'deployment_days'
2025-10-06 14:09:46,504 - ERROR - Failed to compute quality for service-094: QualityMetrics.__init__() missing 1 required positional argument: 'deployment_days'
2025-10-06 14:09:46,504 - ERROR - Failed to compute quality for service-095: QualityMetrics.__init__() missing 1 required positional argument: 'deployment_days'
2025-10-06 14:09:46,504 - ERROR - Failed to compute quality for service-096: QualityMetrics.__init__() missing 1 required positional argument: 'deployment_days'
2025-10-06 14:09:46,504 - ERROR - Failed to compute quality for service-097: QualityMetrics.__init__() missing 1 required positional argument: 'deployment_days'
2025-10-06 14:09:46,504 - ERROR - Failed to compute quality for service-098: QualityMetrics.__init__() missing 1 required positional argument: 'deployment_days'
2025-10-06 14:09:46,504 - ERROR - Failed to compute quality for service-099: QualityMetrics.__init__() missing 1 required positional argument: 'deployment_days'
2025-10-06 14:09:46,504 - ERROR - Failed to compute quality for service-100: QualityMetrics.__init__() missing 1 required positional argument: 'deployment_days'
2025-10-06 14:09:46,504 - ERROR - Failed to compute quality for service-101: QualityMetrics.__init__() missing 1 required positional argument: 'deployment_days'
2025-10-06 14:09:46,504 - ERROR - Failed to compute quality for service-103: QualityMetrics.__init__() missing 1 required positional argument: 'deployment_days'
2025-10-06 14:09:46,505 - ERROR - Failed to compute quality for service-102: QualityMetrics.__init__() missing 1 required positional argument: 'deployment_days'
2025-10-06 14:09:46,505 - ERROR - Failed to compute quality for service-104: QualityMetrics.__init__() missing 1 required positional argument: 'deployment_days'
2025-10-06 14:09:46,505 - ERROR - Failed to compute quality for service-105: QualityMetrics.__init__() missing 1 required positional argument: 'deployment_days'
2025-10-06 14:09:46,505 - ERROR - Failed to compute quality for service-107: QualityMetrics.__init__() missing 1 required positional argument: 'deployment_days'
2025-10-06 14:09:46,505 - ERROR - Failed to compute quality for service-106: QualityMetrics.__init__() missing 1 required positional argument: 'deployment_days'
2025-10-06 14:09:46,505 - ERROR - Failed to compute quality for service-108: QualityMetrics.__init__() missing 1 required positional argument: 'deployment_days'
2025-10-06 14:09:46,505 - ERROR - Failed to compute quality for service-109: QualityMetrics.__init__() missing 1 required positional argument: 'deployment_days'
2025-10-06 14:09:46,505 - ERROR - Failed to compute quality for service-110: QualityMetrics.__init__() missing 1 required positional argument: 'deployment_days'
2025-10-06 14:09:46,505 - ERROR - Failed to compute quality for service-111: QualityMetrics.__init__() missing 1 required positional argument: 'deployment_days'
2025-10-06 14:09:46,505 - ERROR - Failed to compute quality for service-112: QualityMetrics.__init__() missing 1 required positional argument: 'deployment_days'
2025-10-06 14:09:46,505 - ERROR - Failed to compute quality for service-113: QualityMetrics.__init__() missing 1 required positional argument: 'deployment_days'
2025-10-06 14:09:46,505 - ERROR - Failed to compute quality for service-114: QualityMetrics.__init__() missing 1 required positional argument: 'deployment_days'
2025-10-06 14:09:46,505 - ERROR - Failed to compute quality for service-115: QualityMetrics.__init__() missing 1 required positional argument: 'deployment_days'
2025-10-06 14:09:46,505 - ERROR - Failed to compute quality for service-116: QualityMetrics.__init__() missing 1 required positional argument: 'deployment_days'
2025-10-06 14:09:46,505 - ERROR - Failed to compute quality for service-117: QualityMetrics.__init__() missing 1 required positional argument: 'deployment_days'
2025-10-06 14:09:46,505 - ERROR - Failed to compute quality for service-118: QualityMetrics.__init__() missing 1 required positional argument: 'deployment_days'
2025-10-06 14:09:46,506 - ERROR - Failed to compute quality for service-119: QualityMetrics.__init__() missing 1 required positional argument: 'deployment_days'
2025-10-06 14:09:46,506 - ERROR - Failed to compute quality for service-120: QualityMetrics.__init__() missing 1 required positional argument: 'deployment_days'
2025-10-06 14:09:46,506 - ERROR - Failed to compute quality for service-121: QualityMetrics.__init__() missing 1 required positional argument: 'deployment_days'
2025-10-06 14:09:46,506 - ERROR - Failed to compute quality for service-123: QualityMetrics.__init__() missing 1 required positional argument: 'deployment_days'
2025-10-06 14:09:46,506 - ERROR - Failed to compute quality for service-122: QualityMetrics.__init__() missing 1 required positional argument: 'deployment_days'
2025-10-06 14:09:46,506 - ERROR - Failed to compute quality for service-124: QualityMetrics.__init__() missing 1 required positional argument: 'deployment_days'
2025-10-06 14:09:46,506 - ERROR - Failed to compute quality for service-125: QualityMetrics.__init__() missing 1 required positional argument: 'deployment_days'
2025-10-06 14:09:46,506 - ERROR - Failed to compute quality for service-126: QualityMetrics.__init__() missing 1 required positional argument: 'deployment_days'
2025-10-06 14:09:46,506 - ERROR - Failed to compute quality for service-127: QualityMetrics.__init__() missing 1 required positional argument: 'deployment_days'
2025-10-06 14:09:46,506 - ERROR - Failed to compute quality for service-128: QualityMetrics.__init__() missing 1 required positional argument: 'deployment_days'
2025-10-06 14:09:46,506 - ERROR - Failed to compute quality for service-129: QualityMetrics.__init__() missing 1 required positional argument: 'deployment_days'
2025-10-06 14:09:46,506 - ERROR - Failed to compute quality for service-130: QualityMetrics.__init__() missing 1 required positional argument: 'deployment_days'
2025-10-06 14:09:46,506 - ERROR - Failed to compute quality for service-131: QualityMetrics.__init__() missing 1 required positional argument: 'deployment_days'
2025-10-06 14:09:46,506 - ERROR - Failed to compute quality for service-132: QualityMetrics.__init__() missing 1 required positional argument: 'deployment_days'
2025-10-06 14:09:46,506 - ERROR - Failed to compute quality for service-133: QualityMetrics.__init__() missing 1 required positional argument: 'deployment_days'
2025-10-06 14:09:46,507 - ERROR - Failed to compute quality for service-134: QualityMetrics.__init__() missing 1 required positional argument: 'deployment_days'
2025-10-06 14:09:46,507 - ERROR - Failed to compute quality for service-135: QualityMetrics.__init__() missing 1 required positional argument: 'deployment_days'
2025-10-06 14:09:46,507 - ERROR - Failed to compute quality for service-136: QualityMetrics.__init__() missing 1 required positional argument: 'deployment_days'
2025-10-06 14:09:46,507 - ERROR - Failed to compute quality for service-137: QualityMetrics.__init__() missing 1 required positional argument: 'deployment_days'
2025-10-06 14:09:46,507 - ERROR - Failed to compute quality for service-138: QualityMetrics.__init__() missing 1 required positional argument: 'deployment_days'
2025-10-06 14:09:46,507 - ERROR - Failed to compute quality for service-139: QualityMetrics.__init__() missing 1 required positional argument: 'deployment_days'
2025-10-06 14:09:46,507 - ERROR - Failed to compute quality for service-140: QualityMetrics.__init__() missing 1 required positional argument: 'deployment_days'
2025-10-06 14:09:46,507 - ERROR - Failed to compute quality for service-141: QualityMetrics.__init__() missing 1 required positional argument: 'deployment_days'
2025-10-06 14:09:46,507 - ERROR - Failed to compute quality for service-142: QualityMetrics.__init__() missing 1 required positional argument: 'deployment_days'
2025-10-06 14:09:46,507 - ERROR - Failed to compute quality for service-143: QualityMetrics.__init__() missing 1 required positional argument: 'deployment_days'
2025-10-06 14:09:46,507 - ERROR - Failed to compute quality for service-144: QualityMetrics.__init__() missing 1 required positional argument: 'deployment_days'
2025-10-06 14:09:46,507 - ERROR - Failed to compute quality for service-145: QualityMetrics.__init__() missing 1 required positional argument: 'deployment_days'
2025-10-06 14:09:46,508 - ERROR - Failed to compute quality for service-146: QualityMetrics.__init__() missing 1 required positional argument: 'deployment_days'
2025-10-06 14:09:46,508 - ERROR - Failed to compute quality for service-147: QualityMetrics.__init__() missing 1 required positional argument: 'deployment_days'
2025-10-06 14:09:46,508 - ERROR - Failed to compute quality for service-148: QualityMetrics.__init__() missing 1 required positional argument: 'deployment_days'
2025-10-06 14:09:46,508 - ERROR - Failed to compute quality for service-149: QualityMetrics.__init__() missing 1 required positional argument: 'deployment_days'
2025-10-06 14:09:46,528 - INFO - Parallel computation complete: 0 services processed
2025-10-09 22:10:10,925 - INFO - Loading catalog from catalog/service-index.yaml
2025-10-09 22:10:10,983 - ERROR - Quality computation failed: 'QualityComputer' object has no attribute 'compute_all_quality_scores'
2025-10-09 22:10:29,233 - INFO - Loading catalog from catalog/service-index.yaml
2025-10-09 22:10:29,289 - INFO - Execution monitor initialized
2025-10-09 22:10:29,289 - INFO - Computing quality scores for all services using parallel processing...
2025-10-09 22:10:29,289 - WARNING - Drift report not found: catalog/latest_drift_report.json
2025-10-09 22:10:29,289 - INFO - Processing 24 services in parallel...
2025-10-09 22:10:29,307 - ERROR - Failed to compute quality for aggregation: QualityMetrics.__init__() missing 1 required positional argument: 'deployment_days'
2025-10-09 22:10:29,307 - ERROR - Failed to compute quality for curve-service: QualityMetrics.__init__() missing 1 required positional argument: 'deployment_days'
2025-10-09 22:10:29,308 - ERROR - Failed to compute quality for aggregation-service: QualityMetrics.__init__() missing 1 required positional argument: 'deployment_days'
2025-10-09 22:10:29,309 - ERROR - Failed to compute quality for data-quality: QualityMetrics.__init__() missing 1 required positional argument: 'deployment_days'
2025-10-09 22:10:29,309 - ERROR - Failed to compute quality for enrichment: QualityMetrics.__init__() missing 1 required positional argument: 'deployment_days'
2025-10-09 22:10:29,310 - ERROR - Failed to compute quality for auth: QualityMetrics.__init__() missing 1 required positional argument: 'deployment_days'
2025-10-09 22:10:29,311 - ERROR - Failed to compute quality for embedding-service: QualityMetrics.__init__() missing 1 required positional argument: 'deployment_days'
2025-10-09 22:10:29,312 - ERROR - Failed to compute quality for enrichment-service: QualityMetrics.__init__() missing 1 required positional argument: 'deployment_days'
2025-10-09 22:10:29,312 - ERROR - Failed to compute quality for connector-registry: QualityMetrics.__init__() missing 1 required positional argument: 'deployment_days'
2025-10-09 22:10:29,313 - ERROR - Failed to compute quality for backtesting-service: QualityMetrics.__init__() missing 1 required positional argument: 'deployment_days'
2025-10-09 22:10:29,314 - ERROR - Failed to compute quality for entitlements: QualityMetrics.__init__() missing 1 required positional argument: 'deployment_days'
2025-10-09 22:10:29,314 - ERROR - Failed to compute quality for gateway: QualityMetrics.__init__() missing 1 required positional argument: 'deployment_days'
2025-10-09 22:10:29,315 - ERROR - Failed to compute quality for indexer-worker: QualityMetrics.__init__() missing 1 required positional argument: 'deployment_days'
2025-10-09 22:10:29,316 - ERROR - Failed to compute quality for metrics: QualityMetrics.__init__() missing 1 required positional argument: 'deployment_days'
2025-10-09 22:10:29,316 - ERROR - Failed to compute quality for mlflow-server: QualityMetrics.__init__() missing 1 required positional argument: 'deployment_days'
2025-10-09 22:10:29,316 - ERROR - Failed to compute quality for model-serving: QualityMetrics.__init__() missing 1 required positional argument: 'deployment_days'
2025-10-09 22:10:29,317 - ERROR - Failed to compute quality for normalization: QualityMetrics.__init__() missing 1 required positional argument: 'deployment_days'
2025-10-09 22:10:29,317 - ERROR - Failed to compute quality for normalization-service: QualityMetrics.__init__() missing 1 required positional argument: 'deployment_days'
2025-10-09 22:10:29,318 - ERROR - Failed to compute quality for orchestrator-service: QualityMetrics.__init__() missing 1 required positional argument: 'deployment_days'
2025-10-09 22:10:29,318 - ERROR - Failed to compute quality for projection: QualityMetrics.__init__() missing 1 required positional argument: 'deployment_days'
2025-10-09 22:10:29,319 - ERROR - Failed to compute quality for projection-service: QualityMetrics.__init__() missing 1 required positional argument: 'deployment_days'
2025-10-09 22:10:29,319 - ERROR - Failed to compute quality for scenario-service: QualityMetrics.__init__() missing 1 required positional argument: 'deployment_days'
2025-10-09 22:10:29,319 - ERROR - Failed to compute quality for search-service: QualityMetrics.__init__() missing 1 required positional argument: 'deployment_days'
2025-10-09 22:10:29,320 - ERROR - Failed to compute quality for streaming: QualityMetrics.__init__() missing 1 required positional argument: 'deployment_days'
2025-10-09 22:10:29,324 - INFO - Parallel computation complete: 0 services processed
2025-10-09 22:10:29,325 - ERROR - Quality computation failed: name 'services' is not defined
2025-10-09 22:11:12,737 - INFO - Loading catalog from catalog/service-index.yaml
2025-10-09 22:11:12,794 - INFO - Execution monitor initialized
2025-10-09 22:11:12,795 - INFO - Computing quality scores for all services using parallel processing...
2025-10-09 22:11:12,795 - WARNING - Drift report not found: catalog/latest_drift_report.json
2025-10-09 22:11:12,795 - INFO - Processing 24 services in parallel...
2025-10-09 22:11:12,827 - INFO - Parallel computation complete: 24 services processed
2025-10-09 22:11:12,827 - INFO - Quality computation complete: 24 services scored, avg: 100.0
2025-10-09 22:11:12,830 - INFO - Saved quality snapshot to catalog/quality-snapshot.json
2025-10-09 22:11:12,831 - INFO - Updated latest quality snapshot: catalog/latest_quality_snapshot.json
2025-10-09 22:11:12,831 - ERROR - Quality computation failed: 'metadata'
2025-10-09 22:11:52,452 - INFO - Loading catalog from catalog/service-index.yaml
2025-10-09 22:11:52,510 - INFO - Execution monitor initialized
2025-10-09 22:11:52,510 - INFO - Computing quality scores for all services using parallel processing...
2025-10-09 22:11:52,510 - INFO - Using cached quality scores
2025-10-09 22:11:52,511 - INFO - Saved quality snapshot to catalog/quality-snapshot.json
2025-10-09 22:11:52,512 - INFO - Updated latest quality snapshot: catalog/latest_quality_snapshot.json
2025-10-09 22:11:52,512 - ERROR - Quality computation failed: 'metadata'
2025-10-09 22:12:07,137 - INFO - Loading catalog from catalog/service-index.yaml
2025-10-09 22:12:07,194 - INFO - Execution monitor initialized
2025-10-09 22:12:07,194 - INFO - Computing quality scores for all services using parallel processing...
2025-10-09 22:12:07,194 - WARNING - Drift report not found: catalog/latest_drift_report.json
2025-10-09 22:12:07,194 - INFO - Processing 24 services in parallel...
2025-10-09 22:12:07,228 - INFO - Parallel computation complete: 24 services processed
2025-10-09 22:12:07,228 - INFO - Quality computation complete: 24 services scored, avg: 100.0
2025-10-09 22:12:07,233 - INFO - Saved quality snapshot to catalog/quality-snapshot.json
2025-10-09 22:12:07,236 - INFO - Updated latest quality snapshot: catalog/latest_quality_snapshot.json
2025-10-09 22:12:07,237 - INFO - Quality computation completed successfully
2025-10-09 22:30:48,906 - INFO - Loading catalog from catalog/service-index.yaml
2025-10-09 22:30:48,966 - INFO - Execution monitor initialized
2025-10-09 22:30:48,966 - INFO - Computing quality scores for all services using parallel processing...
2025-10-09 22:30:48,966 - WARNING - Drift report not found: catalog/latest_drift_report.json
2025-10-09 22:30:48,966 - INFO - Processing 24 services in parallel...
2025-10-09 22:30:48,999 - INFO - Parallel computation complete: 24 services processed
2025-10-09 22:30:48,999 - INFO - Quality computation complete: 24 services scored, avg: 0.0
2025-10-09 22:30:49,004 - INFO - Saved quality snapshot to catalog/quality-snapshot.json
2025-10-09 22:30:49,007 - INFO - Updated latest quality snapshot: catalog/latest_quality_snapshot.json
2025-10-09 22:30:49,008 - INFO - Quality computation completed successfully
2025-10-09 22:31:21,665 - INFO - Loading catalog from catalog/service-index.yaml
2025-10-09 22:31:21,722 - INFO - Execution monitor initialized
2025-10-09 22:31:21,723 - INFO - Computing quality scores for all services using parallel processing...
2025-10-09 22:31:21,723 - WARNING - Drift report not found: catalog/latest_drift_report.json
2025-10-09 22:31:21,723 - INFO - Processing 24 services in parallel...
2025-10-09 22:31:21,756 - INFO - Parallel computation complete: 24 services processed
2025-10-09 22:31:21,756 - INFO - Quality computation complete: 24 services scored, avg: 91.6
2025-10-09 22:31:21,759 - INFO - Saved quality snapshot to catalog/quality-snapshot.json
2025-10-09 22:31:21,761 - INFO - Updated latest quality snapshot: catalog/latest_quality_snapshot.json
2025-10-09 22:31:21,762 - INFO - Quality computation completed successfully
